-------------------------------------------------------------------------------
Test set: GestionUniversitaireInscriptionTest
-------------------------------------------------------------------------------
Tests run: 5, Failures: 2, Errors: 2, Skipped: 0, Time elapsed: 0.387 s <<< FAILURE! - in GestionUniversitaireInscriptionTest
GestionUniversitaireInscriptionTest.testAjouterInscription  Time elapsed: 0.038 s  <<< ERROR!
java.lang.NullPointerException: Cannot invoke "main.java.com.example.model.Etudiant.getId()" because the return value of "main.java.com.example.model.Inscription.getEtudiant()" is null
	at main.java.com.example.dao.InscriptionDAO.save(InscriptionDAO.java:252)
	at GestionUniversitaireInscriptionTest.testAjouterInscription(GestionUniversitaireInscriptionTest.java:88)
	at java.base/java.lang.reflect.Method.invoke(Method.java:568)
	at java.base/java.util.ArrayList.forEach(ArrayList.java:1511)
	at java.base/java.util.ArrayList.forEach(ArrayList.java:1511)

GestionUniversitaireInscriptionTest.testRechercherInscriptionParNom  Time elapsed: 0.013 s  <<< FAILURE!
org.opentest4j.AssertionFailedError: La recherche par nom devrait retourner des résultats ==> expected: <false> but was: <true>
	at org.junit.jupiter.api.AssertionFailureBuilder.build(AssertionFailureBuilder.java:151)
	at org.junit.jupiter.api.AssertionFailureBuilder.buildAndThrow(AssertionFailureBuilder.java:132)
	at org.junit.jupiter.api.AssertFalse.failNotFalse(AssertFalse.java:63)
	at org.junit.jupiter.api.AssertFalse.assertFalse(AssertFalse.java:36)
	at org.junit.jupiter.api.Assertions.assertFalse(Assertions.java:235)
	at GestionUniversitaireInscriptionTest.testRechercherInscriptionParNom(GestionUniversitaireInscriptionTest.java:104)
	at java.base/java.lang.reflect.Method.invoke(Method.java:568)
	at java.base/java.util.ArrayList.forEach(ArrayList.java:1511)
	at java.base/java.util.ArrayList.forEach(ArrayList.java:1511)

GestionUniversitaireInscriptionTest.testModifierInscription  Time elapsed: 0.003 s  <<< FAILURE!
org.opentest4j.AssertionFailedError: expected: not <null>
	at org.junit.jupiter.api.AssertionFailureBuilder.build(AssertionFailureBuilder.java:152)
	at org.junit.jupiter.api.AssertionFailureBuilder.buildAndThrow(AssertionFailureBuilder.java:132)
	at org.junit.jupiter.api.AssertNotNull.failNull(AssertNotNull.java:49)
	at org.junit.jupiter.api.AssertNotNull.assertNotNull(AssertNotNull.java:35)
	at org.junit.jupiter.api.AssertNotNull.assertNotNull(AssertNotNull.java:30)
	at org.junit.jupiter.api.Assertions.assertNotNull(Assertions.java:300)
	at GestionUniversitaireInscriptionTest.testModifierInscription(GestionUniversitaireInscriptionTest.java:111)
	at java.base/java.lang.reflect.Method.invoke(Method.java:568)
	at java.base/java.util.ArrayList.forEach(ArrayList.java:1511)
	at java.base/java.util.ArrayList.forEach(ArrayList.java:1511)

GestionUniversitaireInscriptionTest.testSupprimerInscription  Time elapsed: 0.005 s  <<< ERROR!
java.sql.SQLException: Aucune inscription trouvée avec l'ID : 833
	at main.java.com.example.dao.InscriptionDAO.delete(InscriptionDAO.java:309)
	at GestionUniversitaireInscriptionTest.testSupprimerInscription(GestionUniversitaireInscriptionTest.java:122)
	at java.base/java.lang.reflect.Method.invoke(Method.java:568)
	at java.base/java.util.ArrayList.forEach(ArrayList.java:1511)
	at java.base/java.util.ArrayList.forEach(ArrayList.java:1511)

