<?xml version="1.0" encoding="UTF-8"?>
<testsuite xmlns:xsi="http://www.w3.org/2001/XMLSchema-instance" xsi:noNamespaceSchemaLocation="https://maven.apache.org/surefire/maven-surefire-plugin/xsd/surefire-test-report-3.0.xsd" version="3.0" name="EnseignementTest" time="101.332" tests="9" errors="0" skipped="0" failures="1">
  <properties>
[...]
</properties>
  <testcase name="afficherCoursShouldWork" classname="EnseignementTest" time="0.264"/>
  <testcase name="rechercherCoursParIntituleShouldNotWork" classname="EnseignementTest" time="0.009"/>
  <testcase name="supprimerEnseignementShouldWork" classname="EnseignementTest" time="0.018"/>
  <testcase name="modifierEnseignementShouldWork" classname="EnseignementTest" time="0.015"/>
  <testcase name="rechercherCoursParIntituleShouldWork" classname="EnseignementTest" time="0.008"/>
  <testcase name="ajouterEnseignementShouldWork" classname="EnseignementTest" time="50.46">
    <failure message="Unexpected exception thrown: com.mysql.cj.jdbc.exceptions.MySQLTransactionRollbackException: Lock wait timeout exceeded; try restarting transaction" type="org.opentest4j.AssertionFailedError"><![CDATA[org.opentest4j.AssertionFailedError: Unexpected exception thrown: com.mysql.cj.jdbc.exceptions.MySQLTransactionRollbackException: Lock wait timeout exceeded; try restarting transaction
	at org.junit.jupiter.api.AssertionFailureBuilder.build(AssertionFailureBuilder.java:152)
	at org.junit.jupiter.api.AssertDoesNotThrow.createAssertionFailedError(AssertDoesNotThrow.java:84)
	at org.junit.jupiter.api.AssertDoesNotThrow.assertDoesNotThrow(AssertDoesNotThrow.java:53)
	at org.junit.jupiter.api.AssertDoesNotThrow.assertDoesNotThrow(AssertDoesNotThrow.java:36)
	at org.junit.jupiter.api.Assertions.assertDoesNotThrow(Assertions.java:3164)
	at EnseignementTest.ajouterEnseignementShouldWork(EnseignementTest.java:43)
	at java.base/java.lang.reflect.Method.invoke(Method.java:568)
	at java.base/java.util.ArrayList.forEach(ArrayList.java:1511)
	at java.base/java.util.ArrayList.forEach(ArrayList.java:1511)
Caused by: com.mysql.cj.jdbc.exceptions.MySQLTransactionRollbackException: Lock wait timeout exceeded; try restarting transaction
	at com.mysql.cj.jdbc.exceptions.SQLError.createSQLException(SQLError.java:115)
	at com.mysql.cj.jdbc.exceptions.SQLExceptionsMapping.translateException(SQLExceptionsMapping.java:114)
	at com.mysql.cj.jdbc.ClientPreparedStatement.executeInternal(ClientPreparedStatement.java:988)
	at com.mysql.cj.jdbc.ClientPreparedStatement.executeUpdateInternal(ClientPreparedStatement.java:1166)
	at com.mysql.cj.jdbc.ClientPreparedStatement.executeUpdateInternal(ClientPreparedStatement.java:1101)
	at com.mysql.cj.jdbc.ClientPreparedStatement.executeLargeUpdate(ClientPreparedStatement.java:1448)
	at com.mysql.cj.jdbc.ClientPreparedStatement.executeUpdate(ClientPreparedStatement.java:1084)
	at main.java.com.example.dao.EnseignementDAO.save(EnseignementDAO.java:322)
	at main.java.com.example.GestionUniversitaire.ajouterEnseignement(GestionUniversitaire.java:749)
	at EnseignementTest.lambda$ajouterEnseignementShouldWork$0(EnseignementTest.java:43)
	at org.junit.jupiter.api.AssertDoesNotThrow.assertDoesNotThrow(AssertDoesNotThrow.java:49)
	... 6 more
]]></failure>
  </testcase>
  <testcase name="modifierEnseignementShouldNotWork" classname="EnseignementTest" time="0.007"/>
  <testcase name="ajouterEnseignementShouldNotWork_InvalidFK" classname="EnseignementTest" time="50.494"/>
  <testcase name="supprimerEnseignementShouldNotWork" classname="EnseignementTest" time="0.009"/>
</testsuite>