-------------------------------------------------------------------------------
Test set: test.java.GestionUniversitaireInscriptionTest
-------------------------------------------------------------------------------
Tests run: 1, Failures: 0, Errors: 1, Skipped: 0, Time elapsed: 0.447 s <<< FAILURE! - in test.java.GestionUniversitaireInscriptionTest
test.java.GestionUniversitaireInscriptionTest  Time elapsed: 0.447 s  <<< ERROR!
java.sql.SQLException: Field 'Date_Naissance' doesn't have a default value
	at com.mysql.cj.jdbc.exceptions.SQLError.createSQLException(SQLError.java:121)
	at com.mysql.cj.jdbc.exceptions.SQLExceptionsMapping.translateException(SQLExceptionsMapping.java:114)
	at com.mysql.cj.jdbc.ClientPreparedStatement.executeInternal(ClientPreparedStatement.java:988)
	at com.mysql.cj.jdbc.ClientPreparedStatement.executeUpdateInternal(ClientPreparedStatement.java:1166)
	at com.mysql.cj.jdbc.ClientPreparedStatement.executeUpdateInternal(ClientPreparedStatement.java:1101)
	at com.mysql.cj.jdbc.ClientPreparedStatement.executeLargeUpdate(ClientPreparedStatement.java:1448)
	at com.mysql.cj.jdbc.ClientPreparedStatement.executeUpdate(ClientPreparedStatement.java:1084)
	at main.java.com.example.dao.EtudiantDAO.save(EtudiantDAO.java:136)
	at test.java.GestionUniversitaireInscriptionTest.setup(GestionUniversitaireInscriptionTest.java:52)
	at java.base/java.lang.reflect.Method.invoke(Method.java:568)
	at java.base/java.util.ArrayList.forEach(ArrayList.java:1511)
	Suppressed: java.sql.SQLException: Aucun enseignement trouvé avec l'ID : 1039
		at main.java.com.example.dao.EnseignementDAO.delete(EnseignementDAO.java:378)
		at test.java.GestionUniversitaireInscriptionTest.cleanup(GestionUniversitaireInscriptionTest.java:114)
		at java.base/java.lang.reflect.Method.invoke(Method.java:568)
		at java.base/java.util.ArrayList.forEach(ArrayList.java:1511)
		at java.base/java.util.Collections$UnmodifiableCollection.forEach(Collections.java:1092)
		... 1 more

