<?xml version="1.0" encoding="UTF-8"?>
<testsuite xmlns:xsi="http://www.w3.org/2001/XMLSchema-instance" xsi:noNamespaceSchemaLocation="https://maven.apache.org/surefire/maven-surefire-plugin/xsd/surefire-test-report-3.0.xsd" version="3.0" name="com.example.dao.MasterDAOTest" time="0.082" tests="4" errors="4" skipped="0" failures="0">
  <properties>
[...]
</properties>
  <testcase name="testSaveAndFindById" classname="com.example.dao.MasterDAOTest" time="0.032">
    <error message="NULL non permis pour la colonne &quot;MASTER_ID&quot;&#10;NULL not allowed for column &quot;MASTER_ID&quot;; SQL statement:&#10;INSERT INTO Master (Nom_Master, Responsable_ID, Departement_ID) VALUES (?, ?, ?) [23502-224]" type="org.h2.jdbc.JdbcSQLIntegrityConstraintViolationException"><![CDATA[org.h2.jdbc.JdbcSQLIntegrityConstraintViolationException: 
NULL non permis pour la colonne "MASTER_ID"
NULL not allowed for column "MASTER_ID"; SQL statement:
INSERT INTO Master (Nom_Master, Responsable_ID, Departement_ID) VALUES (?, ?, ?) [23502-224]
	at org.h2.message.DbException.getJdbcSQLException(DbException.java:520)
	at org.h2.message.DbException.getJdbcSQLException(DbException.java:489)
	at org.h2.message.DbException.get(DbException.java:223)
	at org.h2.message.DbException.get(DbException.java:199)
	at org.h2.table.Column.validateConvertUpdateSequence(Column.java:365)
	at org.h2.table.Table.convertInsertRow(Table.java:936)
	at org.h2.command.dml.Insert.insertRows(Insert.java:167)
	at org.h2.command.dml.Insert.update(Insert.java:135)
	at org.h2.command.CommandContainer.executeUpdateWithGeneratedKeys(CommandContainer.java:242)
	at org.h2.command.CommandContainer.update(CommandContainer.java:163)
	at org.h2.command.Command.executeUpdate(Command.java:256)
	at org.h2.jdbc.JdbcPreparedStatement.executeUpdateInternal(JdbcPreparedStatement.java:216)
	at org.h2.jdbc.JdbcPreparedStatement.executeUpdate(JdbcPreparedStatement.java:174)
	at com.example.dao.MasterDAO.save(MasterDAO.java:54)
	at com.example.dao.MasterDAOTest.testSaveAndFindById(MasterDAOTest.java:44)
	at java.base/java.lang.reflect.Method.invoke(Method.java:565)
	at java.base/java.util.ArrayList.forEach(ArrayList.java:1604)
	at java.base/java.util.ArrayList.forEach(ArrayList.java:1604)
]]></error>
  </testcase>
  <testcase name="testUpdate" classname="com.example.dao.MasterDAOTest" time="0.01">
    <error message="NULL non permis pour la colonne &quot;MASTER_ID&quot;&#10;NULL not allowed for column &quot;MASTER_ID&quot;; SQL statement:&#10;INSERT INTO Master (Nom_Master, Responsable_ID, Departement_ID) VALUES (?, ?, ?) [23502-224]" type="org.h2.jdbc.JdbcSQLIntegrityConstraintViolationException"><![CDATA[org.h2.jdbc.JdbcSQLIntegrityConstraintViolationException: 
NULL non permis pour la colonne "MASTER_ID"
NULL not allowed for column "MASTER_ID"; SQL statement:
INSERT INTO Master (Nom_Master, Responsable_ID, Departement_ID) VALUES (?, ?, ?) [23502-224]
	at org.h2.message.DbException.getJdbcSQLException(DbException.java:520)
	at org.h2.message.DbException.getJdbcSQLException(DbException.java:489)
	at org.h2.message.DbException.get(DbException.java:223)
	at org.h2.message.DbException.get(DbException.java:199)
	at org.h2.table.Column.validateConvertUpdateSequence(Column.java:365)
	at org.h2.table.Table.convertInsertRow(Table.java:936)
	at org.h2.command.dml.Insert.insertRows(Insert.java:167)
	at org.h2.command.dml.Insert.update(Insert.java:135)
	at org.h2.command.CommandContainer.executeUpdateWithGeneratedKeys(CommandContainer.java:242)
	at org.h2.command.CommandContainer.update(CommandContainer.java:163)
	at org.h2.command.Command.executeUpdate(Command.java:256)
	at org.h2.jdbc.JdbcPreparedStatement.executeUpdateInternal(JdbcPreparedStatement.java:216)
	at org.h2.jdbc.JdbcPreparedStatement.executeUpdate(JdbcPreparedStatement.java:174)
	at com.example.dao.MasterDAO.save(MasterDAO.java:54)
	at com.example.dao.MasterDAOTest.testUpdate(MasterDAOTest.java:58)
	at java.base/java.lang.reflect.Method.invoke(Method.java:565)
	at java.base/java.util.ArrayList.forEach(ArrayList.java:1604)
	at java.base/java.util.ArrayList.forEach(ArrayList.java:1604)
]]></error>
  </testcase>
  <testcase name="testDelete" classname="com.example.dao.MasterDAOTest" time="0.007">
    <error message="NULL non permis pour la colonne &quot;MASTER_ID&quot;&#10;NULL not allowed for column &quot;MASTER_ID&quot;; SQL statement:&#10;INSERT INTO Master (Nom_Master, Responsable_ID, Departement_ID) VALUES (?, ?, ?) [23502-224]" type="org.h2.jdbc.JdbcSQLIntegrityConstraintViolationException"><![CDATA[org.h2.jdbc.JdbcSQLIntegrityConstraintViolationException: 
NULL non permis pour la colonne "MASTER_ID"
NULL not allowed for column "MASTER_ID"; SQL statement:
INSERT INTO Master (Nom_Master, Responsable_ID, Departement_ID) VALUES (?, ?, ?) [23502-224]
	at org.h2.message.DbException.getJdbcSQLException(DbException.java:520)
	at org.h2.message.DbException.getJdbcSQLException(DbException.java:489)
	at org.h2.message.DbException.get(DbException.java:223)
	at org.h2.message.DbException.get(DbException.java:199)
	at org.h2.table.Column.validateConvertUpdateSequence(Column.java:365)
	at org.h2.table.Table.convertInsertRow(Table.java:936)
	at org.h2.command.dml.Insert.insertRows(Insert.java:167)
	at org.h2.command.dml.Insert.update(Insert.java:135)
	at org.h2.command.CommandContainer.executeUpdateWithGeneratedKeys(CommandContainer.java:242)
	at org.h2.command.CommandContainer.update(CommandContainer.java:163)
	at org.h2.command.Command.executeUpdate(Command.java:256)
	at org.h2.jdbc.JdbcPreparedStatement.executeUpdateInternal(JdbcPreparedStatement.java:216)
	at org.h2.jdbc.JdbcPreparedStatement.executeUpdate(JdbcPreparedStatement.java:174)
	at com.example.dao.MasterDAO.save(MasterDAO.java:54)
	at com.example.dao.MasterDAOTest.testDelete(MasterDAOTest.java:74)
	at java.base/java.lang.reflect.Method.invoke(Method.java:565)
	at java.base/java.util.ArrayList.forEach(ArrayList.java:1604)
	at java.base/java.util.ArrayList.forEach(ArrayList.java:1604)
]]></error>
  </testcase>
  <testcase name="testFindAll" classname="com.example.dao.MasterDAOTest" time="0.004">
    <error message="NULL non permis pour la colonne &quot;MASTER_ID&quot;&#10;NULL not allowed for column &quot;MASTER_ID&quot;; SQL statement:&#10;INSERT INTO Master (Nom_Master, Responsable_ID, Departement_ID) VALUES (?, ?, ?) [23502-224]" type="org.h2.jdbc.JdbcSQLIntegrityConstraintViolationException"><![CDATA[org.h2.jdbc.JdbcSQLIntegrityConstraintViolationException: 
NULL non permis pour la colonne "MASTER_ID"
NULL not allowed for column "MASTER_ID"; SQL statement:
INSERT INTO Master (Nom_Master, Responsable_ID, Departement_ID) VALUES (?, ?, ?) [23502-224]
	at org.h2.message.DbException.getJdbcSQLException(DbException.java:520)
	at org.h2.message.DbException.getJdbcSQLException(DbException.java:489)
	at org.h2.message.DbException.get(DbException.java:223)
	at org.h2.message.DbException.get(DbException.java:199)
	at org.h2.table.Column.validateConvertUpdateSequence(Column.java:365)
	at org.h2.table.Table.convertInsertRow(Table.java:936)
	at org.h2.command.dml.Insert.insertRows(Insert.java:167)
	at org.h2.command.dml.Insert.update(Insert.java:135)
	at org.h2.command.CommandContainer.executeUpdateWithGeneratedKeys(CommandContainer.java:242)
	at org.h2.command.CommandContainer.update(CommandContainer.java:163)
	at org.h2.command.Command.executeUpdate(Command.java:256)
	at org.h2.jdbc.JdbcPreparedStatement.executeUpdateInternal(JdbcPreparedStatement.java:216)
	at org.h2.jdbc.JdbcPreparedStatement.executeUpdate(JdbcPreparedStatement.java:174)
	at com.example.dao.MasterDAO.save(MasterDAO.java:54)
	at com.example.dao.MasterDAOTest.testFindAll(MasterDAOTest.java:87)
	at java.base/java.lang.reflect.Method.invoke(Method.java:565)
	at java.base/java.util.ArrayList.forEach(ArrayList.java:1604)
	at java.base/java.util.ArrayList.forEach(ArrayList.java:1604)
]]></error>
  </testcase>
</testsuite>